<?xml version="1.0" encoding="UTF-8"?>
<testng-results total="1" passed="1" failed="0" skipped="0">
  <reporter-output>
  </reporter-output>
  <suite started-at="2022-11-08T13:31:02Z" name="Surefire suite" finished-at="2022-11-08T13:31:13Z" duration-ms="11790">
    <groups>
      <group name="cucumber">
        <method signature="AbstractTestNGCucumberTests.runScenario(io.cucumber.testng.PickleWrapper, io.cucumber.testng.FeatureWrapper)[pri:0, instance:testrunner.testrunner2@1c72da34]" name="runScenario" class="io.cucumber.testng.AbstractTestNGCucumberTests"/>
      </group> <!-- cucumber -->
    </groups>
    <test started-at="2022-11-08T13:31:02Z" name="Surefire test" finished-at="2022-11-08T13:31:13Z" duration-ms="11790">
      <class name="testrunner.testrunner2">
        <test-method is-config="true" signature="setUpClass(org.testng.ITestContext)[pri:0, instance:testrunner.testrunner2@1c72da34]" started-at="2022-11-08T19:01:02Z" name="setUpClass" finished-at="2022-11-08T19:01:03Z" duration-ms="945" status="PASS">
          <params>
            <param index="0">
              <value>
                <![CDATA[org.testng.TestRunner@67d86804]]>
              </value>
            </param>
          </params>
          <reporter-output>
          </reporter-output>
        </test-method> <!-- setUpClass -->
        <test-method signature="runScenario(io.cucumber.testng.PickleWrapper, io.cucumber.testng.FeatureWrapper)[pri:0, instance:testrunner.testrunner2@1c72da34]" started-at="2022-11-08T19:01:03Z" name="runScenario" description="Runs Cucumber Scenarios" data-provider="scenarios" finished-at="2022-11-08T19:01:13Z" duration-ms="10720" status="PASS">
          <params>
            <param index="0">
              <value>
                <![CDATA["To Test the Login with invalid Credentials"]]>
              </value>
            </param>
            <param index="1">
              <value>
                <![CDATA["Optional[Test the Guru99 Login]"]]>
              </value>
            </param>
          </params>
          <reporter-output>
          </reporter-output>
        </test-method> <!-- runScenario -->
        <test-method is-config="true" signature="tearDownClass()[pri:0, instance:testrunner.testrunner2@1c72da34]" started-at="2022-11-08T19:01:13Z" name="tearDownClass" finished-at="2022-11-08T19:01:13Z" duration-ms="106" status="PASS">
          <reporter-output>
          </reporter-output>
        </test-method> <!-- tearDownClass -->
      </class> <!-- testrunner.testrunner2 -->
    </test> <!-- Surefire test -->
  </suite> <!-- Surefire suite -->
</testng-results>
