<?xml version="1.0" encoding="UTF-8"?>
<testng-results total="2" passed="2" failed="0" skipped="0">
  <reporter-output>
  </reporter-output>
  <suite started-at="2022-11-08T13:28:03Z" name="Default suite" finished-at="2022-11-08T13:28:30Z" duration-ms="27074">
    <groups>
      <group name="cucumber">
        <method signature="AbstractTestNGCucumberTests.runScenario(io.cucumber.testng.PickleWrapper, io.cucumber.testng.FeatureWrapper)[pri:0, instance:testrunner.testrunner2@457c9034]" name="runScenario" class="io.cucumber.testng.AbstractTestNGCucumberTests"/>
      </group> <!-- cucumber -->
    </groups>
    <test started-at="2022-11-08T13:28:03Z" name="Default test" finished-at="2022-11-08T13:28:30Z" duration-ms="27074">
      <class name="testrunner.testrunner2">
        <test-method is-config="true" signature="setUpClass(org.testng.ITestContext)[pri:0, instance:testrunner.testrunner2@457c9034]" started-at="2022-11-08T18:58:03Z" name="setUpClass" finished-at="2022-11-08T18:58:04Z" duration-ms="1075" status="PASS">
          <params>
            <param index="0">
              <value>
                <![CDATA[org.testng.TestRunner@7cac93fe]]>
              </value>
            </param>
          </params>
          <reporter-output>
          </reporter-output>
        </test-method> <!-- setUpClass -->
        <test-method signature="runScenario(io.cucumber.testng.PickleWrapper, io.cucumber.testng.FeatureWrapper)[pri:0, instance:testrunner.testrunner2@457c9034]" started-at="2022-11-08T18:58:04Z" name="runScenario" description="Runs Cucumber Scenarios" data-provider="scenarios" finished-at="2022-11-08T18:58:19Z" duration-ms="15145" status="PASS">
          <params>
            <param index="0">
              <value>
                <![CDATA["To test login with valid Credentials"]]>
              </value>
            </param>
            <param index="1">
              <value>
                <![CDATA["Optional[Test the Guru99 Login]"]]>
              </value>
            </param>
          </params>
          <reporter-output>
          </reporter-output>
        </test-method> <!-- runScenario -->
        <test-method signature="runScenario(io.cucumber.testng.PickleWrapper, io.cucumber.testng.FeatureWrapper)[pri:0, instance:testrunner.testrunner2@457c9034]" started-at="2022-11-08T18:58:19Z" name="runScenario" description="Runs Cucumber Scenarios" data-provider="scenarios" finished-at="2022-11-08T18:58:30Z" duration-ms="10729" status="PASS">
          <params>
            <param index="0">
              <value>
                <![CDATA["To test login with valid Credentials"]]>
              </value>
            </param>
            <param index="1">
              <value>
                <![CDATA["Optional[Test the Guru99 Login]"]]>
              </value>
            </param>
          </params>
          <reporter-output>
          </reporter-output>
        </test-method> <!-- runScenario -->
        <test-method is-config="true" signature="tearDownClass()[pri:0, instance:testrunner.testrunner2@457c9034]" started-at="2022-11-08T18:58:30Z" name="tearDownClass" finished-at="2022-11-08T18:58:30Z" duration-ms="80" status="PASS">
          <reporter-output>
          </reporter-output>
        </test-method> <!-- tearDownClass -->
      </class> <!-- testrunner.testrunner2 -->
    </test> <!-- Default test -->
  </suite> <!-- Default suite -->
</testng-results>
